build/intermediates/manifest_merge_blame_file/debug/manifest-merger-blame-debug-report.txt
1<?xml version="1.0" encoding="utf-8"?>
2<manifest xmlns:android="http://schemas.android.com/apk/res/android"
3    package="com.example.nicolemorris.lifestyle"
4    android:versionCode="1"
5    android:versionName="1.0" >
6
7    <uses-sdk
8        android:minSdkVersion="15"
8-->src/main/AndroidManifest.xml
9        android:targetSdkVersion="28" />
9-->src/main/AndroidManifest.xml
10
11    <uses-permission android:name="android.permission.ACCESS_COARSE_LOCATION" />
11-->src/main/AndroidManifest.xml:4:5-97
11-->src/main/AndroidManifest.xml:4:22-78
12    <uses-permission android:name="android.permission.ACCESS_FINE_LOCATION" />
12-->src/main/AndroidManifest.xml:5:5-95
12-->src/main/AndroidManifest.xml:5:22-76
13    <uses-permission android:name="android.permission.INTERNET" />
13-->src/main/AndroidManifest.xml:6:5-83
13-->src/main/AndroidManifest.xml:6:22-64
14    <uses-permission android:name="android.permission.READ_EXTERNAL_STORAGE" />
14-->src/main/AndroidManifest.xml:7:5-79
14-->src/main/AndroidManifest.xml:7:22-77
15    <uses-permission android:name="android.permission.WRITE_EXTERNAL_STORAGE" />
15-->src/main/AndroidManifest.xml:8:5-81
15-->src/main/AndroidManifest.xml:8:22-78
16
17    <uses-feature
17-->src/main/AndroidManifest.xml:9:5-10:35
18        android:name="android.hardware.camera"
18-->src/main/AndroidManifest.xml:9:19-57
19        android:required="true" />
19-->src/main/AndroidManifest.xml:10:9-32
20
21    <uses-permission android:name="android.permission.REORDER_TASKS" />
21-->[androidx.fragment:fragment-testing:1.1.0] AndroidManifest.xml:25:5-72
21-->[androidx.fragment:fragment-testing:1.1.0] AndroidManifest.xml:25:22-69
22
23    <application
23-->src/main/AndroidManifest.xml:12:5-39:19
24        android:allowBackup="true"
24-->src/main/AndroidManifest.xml:14:9-35
25        android:appComponentFactory="androidx.core.app.CoreComponentFactory"
25-->[androidx.core:core:1.1.0] AndroidManifest.xml:24:18-86
26        android:debuggable="true"
27        android:icon="@mipmap/ic_launcher"
27-->src/main/AndroidManifest.xml:16:9-43
28        android:label="@string/app_name"
28-->src/main/AndroidManifest.xml:17:9-41
29        android:roundIcon="@mipmap/ic_launcher_round"
29-->src/main/AndroidManifest.xml:18:9-54
30        android:supportsRtl="true"
30-->src/main/AndroidManifest.xml:19:9-35
31        android:theme="@style/Theme.AppCompat.Light.NoActionBar"
31-->src/main/AndroidManifest.xml:20:9-65
32        android:usesCleartextTraffic="true" >
32-->src/main/AndroidManifest.xml:13:9-44
33        <activity
33-->src/main/AndroidManifest.xml:21:9-29:20
34            android:name="com.example.nicolemorris.lifestyle.MainActivity"
34-->src/main/AndroidManifest.xml:22:13-41
35            android:windowSoftInputMode="adjustResize" >
35-->src/main/AndroidManifest.xml:23:13-55
36            <intent-filter>
36-->src/main/AndroidManifest.xml:24:13-28:29
37                <action android:name="android.intent.action.MAIN" />
37-->src/main/AndroidManifest.xml:25:17-69
37-->src/main/AndroidManifest.xml:25:25-66
38
39                <category android:name="android.intent.category.LAUNCHER" />
39-->src/main/AndroidManifest.xml:27:17-77
39-->src/main/AndroidManifest.xml:27:27-74
40            </intent-filter>
41        </activity>
42        <activity
42-->src/main/AndroidManifest.xml:30:9-33:67
43            android:name="com.example.nicolemorris.lifestyle.NewUserActivity"
43-->src/main/AndroidManifest.xml:31:13-44
44            android:theme="@style/Theme.AppCompat.Light.NoActionBar"
44-->src/main/AndroidManifest.xml:32:13-69
45            android:windowSoftInputMode="adjustResize" />
45-->src/main/AndroidManifest.xml:33:13-55
46        <activity android:name="com.example.nicolemorris.lifestyle.HomeActivity" />
46-->src/main/AndroidManifest.xml:34:9-59
46-->src/main/AndroidManifest.xml:34:19-47
47
48        <meta-data
48-->src/main/AndroidManifest.xml:36:9-38:57
49            android:name="preloaded_fonts"
49-->src/main/AndroidManifest.xml:37:13-43
50            android:resource="@array/preloaded_fonts" />
50-->src/main/AndroidManifest.xml:38:13-54
51
52        <activity
52-->[androidx.fragment:fragment-testing:1.1.0] AndroidManifest.xml:28:9-37:20
53            android:name="androidx.fragment.app.testing.FragmentScenario$EmptyFragmentActivity"
53-->[androidx.fragment:fragment-testing:1.1.0] AndroidManifest.xml:29:13-96
54            android:exported="true"
54-->[androidx.fragment:fragment-testing:1.1.0] AndroidManifest.xml:30:13-36
55            android:multiprocess="true"
55-->[androidx.fragment:fragment-testing:1.1.0] AndroidManifest.xml:31:13-40
56            android:taskAffinity=""
56-->[androidx.fragment:fragment-testing:1.1.0] AndroidManifest.xml:32:13-36
57            android:theme="@style/FragmentScenarioEmptyFragmentActivityTheme" >
57-->[androidx.fragment:fragment-testing:1.1.0] AndroidManifest.xml:33:13-78
58            <intent-filter>
58-->[androidx.fragment:fragment-testing:1.1.0] AndroidManifest.xml:34:13-36:29
59                <action android:name="android.intent.action.MAIN" />
59-->src/main/AndroidManifest.xml:25:17-69
59-->src/main/AndroidManifest.xml:25:25-66
60            </intent-filter>
61        </activity>
62        <activity
62-->[com.google.android.gms:play-services-base:15.0.1] AndroidManifest.xml:23:9-26:75
63            android:name="com.google.android.gms.common.api.GoogleApiActivity"
63-->[com.google.android.gms:play-services-base:15.0.1] AndroidManifest.xml:24:13-79
64            android:exported="false"
64-->[com.google.android.gms:play-services-base:15.0.1] AndroidManifest.xml:25:13-37
65            android:theme="@android:style/Theme.Translucent.NoTitleBar" />
65-->[com.google.android.gms:play-services-base:15.0.1] AndroidManifest.xml:26:13-72
66
67        <meta-data
67-->[com.google.android.gms:play-services-basement:15.0.1] AndroidManifest.xml:23:9-25:69
68            android:name="com.google.android.gms.version"
68-->[com.google.android.gms:play-services-basement:15.0.1] AndroidManifest.xml:24:13-58
69            android:value="@integer/google_play_services_version" />
69-->[com.google.android.gms:play-services-basement:15.0.1] AndroidManifest.xml:25:13-66
70
71        <activity
71-->[androidx.test:core:1.1.0] AndroidManifest.xml:27:9-33:20
72            android:name="androidx.test.core.app.InstrumentationActivityInvoker$BootstrapActivity"
72-->[androidx.test:core:1.1.0] AndroidManifest.xml:28:13-99
73            android:theme="@style/InstrumentationActivityInvokerBootstrapActivityTheme" >
73-->[androidx.test:core:1.1.0] AndroidManifest.xml:29:13-88
74            <intent-filter>
74-->[androidx.fragment:fragment-testing:1.1.0] AndroidManifest.xml:34:13-36:29
75                <action android:name="android.intent.action.MAIN" />
75-->src/main/AndroidManifest.xml:25:17-69
75-->src/main/AndroidManifest.xml:25:25-66
76            </intent-filter>
77        </activity>
78        <activity
78-->[androidx.test:core:1.1.0] AndroidManifest.xml:34:9-40:20
79            android:name="androidx.test.core.app.InstrumentationActivityInvoker$EmptyActivity"
79-->[androidx.test:core:1.1.0] AndroidManifest.xml:35:13-95
80            android:theme="@style/InstrumentationActivityInvokerEmptyActivityTheme" >
80-->[androidx.test:core:1.1.0] AndroidManifest.xml:36:13-84
81            <intent-filter>
81-->[androidx.fragment:fragment-testing:1.1.0] AndroidManifest.xml:34:13-36:29
82                <action android:name="android.intent.action.MAIN" />
82-->src/main/AndroidManifest.xml:25:17-69
82-->src/main/AndroidManifest.xml:25:25-66
83            </intent-filter>
84        </activity>
85        <activity
85-->[androidx.test:core:1.1.0] AndroidManifest.xml:41:9-47:20
86            android:name="androidx.test.core.app.InstrumentationActivityInvoker$EmptyFloatingActivity"
86-->[androidx.test:core:1.1.0] AndroidManifest.xml:42:13-103
87            android:theme="@style/InstrumentationActivityInvokerFloatingActivityTheme" >
87-->[androidx.test:core:1.1.0] AndroidManifest.xml:43:13-87
88            <intent-filter>
88-->[androidx.fragment:fragment-testing:1.1.0] AndroidManifest.xml:34:13-36:29
89                <action android:name="android.intent.action.MAIN" />
89-->src/main/AndroidManifest.xml:25:17-69
89-->src/main/AndroidManifest.xml:25:25-66
90            </intent-filter>
91        </activity>
92
93        <provider
93-->[androidx.lifecycle:lifecycle-process:2.0.0] AndroidManifest.xml:23:9-27:43
94            android:name="androidx.lifecycle.ProcessLifecycleOwnerInitializer"
94-->[androidx.lifecycle:lifecycle-process:2.0.0] AndroidManifest.xml:24:13-79
95            android:authorities="com.example.nicolemorris.lifestyle.lifecycle-process"
95-->[androidx.lifecycle:lifecycle-process:2.0.0] AndroidManifest.xml:25:13-69
96            android:exported="false"
96-->[androidx.lifecycle:lifecycle-process:2.0.0] AndroidManifest.xml:26:13-37
97            android:multiprocess="true" />
97-->[androidx.lifecycle:lifecycle-process:2.0.0] AndroidManifest.xml:27:13-40
98    </application>
99
100</manifest>